20231116	14:27:35	2e00602a-d482-4008-b9bf-e0be3525ba89	POST	/users	undefined
20231116	14:27:50	0e2557b8-58be-4a4f-aadf-c46034a97a89	POST	/users	undefined
20231116	14:28:29	7699f3bb-b806-4702-85d8-f21fded1551a	POST	/users	undefined
20231116	14:39:56	e3c22125-b9f7-4670-8c40-739c41858a8e	POST	/users	undefined
20231116	14:40:06	0c878357-7aea-420d-92c8-758c26bd4de8	POST	/users	undefined
20231116	14:43:41	230a614a-dd4c-4aef-a51e-11b4295fba89	POST	/users	undefined
20231116	14:43:50	e6d0eb70-7a05-4c11-8a50-5b7ff8a55435	POST	/users	undefined
20231116	14:49:53	660b2f36-4a5e-457a-8336-5509ae32bfa3	POST	/users	undefined
20231116	14:50:10	1a942da6-9315-4933-9ff8-3854ba89cc65	POST	/users	undefined
20231116	15:11:05	a267d6e5-da31-402d-af1f-e5f19f2c52af	POST	/users	undefined
20231116	15:11:19	bd52b682-9c68-47d4-925e-4f8ca37d17cf	GET	/users	undefined
20231116	15:11:21	db9bc673-fcff-42e3-8983-34538ae93f8a	GET	/users	undefined
20231116	15:12:35	04618285-ca86-477c-8090-294e6a403272	GET	/users	undefined
20231116	15:29:40	0bfc2595-71bd-48d9-ade6-aa1cb319a625	GET	/users	undefined
20231116	15:30:12	3b32e2cf-4de2-480f-a78e-5c2cdc476c65	PATCH	/users	undefined
20231116	15:30:28	00eebe21-cff2-4b46-8446-3cda051cc129	PATCH	/users/655622f9ab124a4955cd7964	undefined
20231116	15:30:49	0adb8196-36d4-4ec0-9d42-c5c8804f107f	PATCH	/users/655622f9ab124a4955cd7964	undefined
20231116	15:31:01	c6e3bbe0-9b18-44f9-ba83-b00a50354d87	PATCH	/users/655622f9ab124a4955cd796	undefined
20231116	15:31:06	4bf64c27-3d62-4941-a0a4-d6dfb1d5b19c	PATCH	/users/655622f9ab124a4955cd79	undefined
20231116	15:31:30	56d50176-7754-4993-bcfb-ee866d724359	GET	/users/655622f9ab124a4955cd7964	undefined
20231116	15:32:11	eeb8a34b-7aa3-4eaa-a28c-e4d99a280f7a	GET	/users/655622f9ab124a4955cd7964	undefined
20231116	15:32:15	a6322c2a-a2f9-4b4f-9a5f-027351fc50d8	GET	/users/655622f9ab124a4955cd7964	undefined
20231116	15:32:34	217a3275-b844-41c8-96ac-96991472b5cf	GET	/users/655622f9ab124a4955cd79	undefined
20231116	15:32:38	d26aedf2-b61a-40f9-bfd2-6bbd200e3936	GET	/users/655622f9ab124a4955cd796	undefined
20231116	15:32:51	847b86d5-4622-4ffe-ab15-734ea17f12fc	GET	/users	undefined
20231116	15:33:31	bd111815-a06f-4e9a-8a61-9745530f112e	POST	/users	undefined
20231116	15:33:38	4657434c-3861-47a7-a152-c5cec13e513f	GET	/users	undefined
